Copyright 1986-2022 Xilinx, Inc. All Rights Reserved. Copyright 2022-2025 Advanced Micro Devices, Inc. All Rights Reserved.
---------------------------------------------------------------------------------------------------------------------------------------------
| Tool Version : Vivado v.2025.1 (lin64) Build 6140274 Wed May 21 22:58:25 MDT 2025
| Date         : Wed Dec 24 02:42:36 2025
| Host         : archlinux running 64-bit unknown
| Command      : report_control_sets -verbose -file cache_control_sets_placed.rpt
| Design       : cache
| Device       : xc7vx485t
---------------------------------------------------------------------------------------------------------------------------------------------

Control Set Information

Table of Contents
-----------------
1. Summary
2. Histogram
3. Flip-Flop Distribution
4. Detailed Control Set Information

1. Summary
----------

+----------------------------------------------------------+-------+
|                          Status                          | Count |
+----------------------------------------------------------+-------+
| Total control sets                                       |    17 |
|    Minimum number of control sets                        |    17 |
|    Addition due to synthesis replication                 |     0 |
|    Addition due to physical synthesis replication        |     0 |
| Unused register locations in slices containing registers |    64 |
+----------------------------------------------------------+-------+
* Control sets can be merged at opt_design using control_set_merge or merge_equivalent_drivers
** Run report_qor_suggestions for automated merging and remapping suggestions


2. Histogram
------------

+--------------------+-------+
|       Fanout       | Count |
+--------------------+-------+
| Total control sets |    17 |
| >= 0 to < 4        |     0 |
| >= 4 to < 6        |     0 |
| >= 6 to < 8        |     0 |
| >= 8 to < 10       |     0 |
| >= 10 to < 12      |     0 |
| >= 12 to < 14      |     0 |
| >= 14 to < 16      |     0 |
| >= 16              |    17 |
+--------------------+-------+
* Control sets can be remapped at either synth_design or opt_design


3. Flip-Flop Distribution
-------------------------

+--------------+-----------------------+------------------------+-----------------+--------------+
| Clock Enable | Synchronous Set/Reset | Asynchronous Set/Reset | Total Registers | Total Slices |
+--------------+-----------------------+------------------------+-----------------+--------------+
| No           | No                    | No                     |              16 |            4 |
| No           | No                    | Yes                    |               0 |            0 |
| No           | Yes                   | No                     |               0 |            0 |
| Yes          | No                    | No                     |             320 |          153 |
| Yes          | No                    | Yes                    |               0 |            0 |
| Yes          | Yes                   | No                     |               0 |            0 |
+--------------+-----------------------+------------------------+-----------------+--------------+


4. Detailed Control Set Information
-----------------------------------

+----------------+-------------------------+------------------+------------------+----------------+--------------+
|  Clock Signal  |      Enable Signal      | Set/Reset Signal | Slice Load Count | Bel Load Count | Bels / Slice |
+----------------+-------------------------+------------------+------------------+----------------+--------------+
|  clk_IBUF_BUFG |                         |                  |                4 |             16 |         4.00 |
|  clk_IBUF_BUFG | mem[1][tag]             |                  |               10 |             20 |         2.00 |
|  clk_IBUF_BUFG | mem[9][tag]             |                  |                9 |             20 |         2.22 |
|  clk_IBUF_BUFG | mem[8][tag]             |                  |                9 |             20 |         2.22 |
|  clk_IBUF_BUFG | mem[7][tag]             |                  |               10 |             20 |         2.00 |
|  clk_IBUF_BUFG | mem[6][tag]             |                  |                9 |             20 |         2.22 |
|  clk_IBUF_BUFG | mem[5][tag]             |                  |                8 |             20 |         2.50 |
|  clk_IBUF_BUFG | mem[4][tag]             |                  |               11 |             20 |         1.82 |
|  clk_IBUF_BUFG | mem[3][tag]             |                  |                7 |             20 |         2.86 |
|  clk_IBUF_BUFG | mem[2][tag]             |                  |               10 |             20 |         2.00 |
|  clk_IBUF_BUFG | mem[15][tag][3]_i_1_n_0 |                  |               14 |             20 |         1.43 |
|  clk_IBUF_BUFG | mem[14][tag]            |                  |               10 |             20 |         2.00 |
|  clk_IBUF_BUFG | mem[13][tag]            |                  |                8 |             20 |         2.50 |
|  clk_IBUF_BUFG | mem[12][tag]            |                  |               10 |             20 |         2.00 |
|  clk_IBUF_BUFG | mem[11][tag]            |                  |                9 |             20 |         2.22 |
|  clk_IBUF_BUFG | mem[10][tag]            |                  |               10 |             20 |         2.00 |
|  clk_IBUF_BUFG | mem[0][tag]             |                  |                9 |             20 |         2.22 |
+----------------+-------------------------+------------------+------------------+----------------+--------------+


