
*** Running vivado
    with args -log cache.vdi -applog -m64 -product Vivado -messageDb vivado.pb -mode batch -source cache.tcl -notrace


****** Vivado v2025.1 (64-bit)
  **** SW Build 6140274 on Wed May 21 22:58:25 MDT 2025
  **** IP Build 6138677 on Thu May 22 03:10:11 MDT 2025
  **** SharedData Build 6139179 on Tue May 20 17:58:58 MDT 2025
  **** Start of session at: Wed Dec 24 02:42:22 2025
    ** Copyright 1986-2022 Xilinx, Inc. All Rights Reserved.
    ** Copyright 2022-2025 Advanced Micro Devices, Inc. All Rights Reserved.

source cache.tcl -notrace
Command: link_design -top cache -part xc7vx485tffg1157-1
Design is defaulting to srcset: sources_1
Design is defaulting to constrset: constrs_1
INFO: [Device 21-403] Loading part xc7vx485tffg1157-1
Netlist sorting complete. Time (s): cpu = 00:00:00 ; elapsed = 00:00:00 . Memory (MB): peak = 1927.633 ; gain = 0.000 ; free physical = 21368 ; free virtual = 61203
INFO: [Netlist 29-17] Analyzing 62 Unisim elements for replacement
INFO: [Netlist 29-28] Unisim Transformation completed in 0 CPU seconds
INFO: [Project 1-479] Netlist was created with Vivado 2025.1
INFO: [Project 1-570] Preparing netlist for logic optimization
Read ShapeDB Complete: Time (s): cpu = 00:00:00 ; elapsed = 00:00:00 . Memory (MB): peak = 1999.383 ; gain = 0.000 ; free physical = 21310 ; free virtual = 61145
Netlist sorting complete. Time (s): cpu = 00:00:00 ; elapsed = 00:00:00 . Memory (MB): peak = 2000.383 ; gain = 0.000 ; free physical = 21310 ; free virtual = 61145
INFO: [Project 1-111] Unisim Transformation Summary:
No Unisim elements were transformed.

6 Infos, 0 Warnings, 0 Critical Warnings and 0 Errors encountered.
link_design completed successfully
link_design: Time (s): cpu = 00:00:05 ; elapsed = 00:00:05 . Memory (MB): peak = 2028.230 ; gain = 495.082 ; free physical = 21299 ; free virtual = 61134
Command: opt_design
Attempting to get a license for feature 'Implementation' and/or device 'xc7vx485t'
INFO: [Common 17-349] Got license for feature 'Implementation' and/or device 'xc7vx485t'
Running DRC as a precondition to command opt_design

Starting DRC Task
INFO: [DRC 23-27] Running DRC with 8 threads
INFO: [Project 1-461] DRC finished with 0 Errors
INFO: [Project 1-462] Please refer to the DRC report (report_drc) for more information.

Time (s): cpu = 00:00:00.43 ; elapsed = 00:00:00.18 . Memory (MB): peak = 2217.730 ; gain = 189.500 ; free physical = 21170 ; free virtual = 61005

Starting Cache Timing Information Task
INFO: [Timing 38-35] Done setting XDC timing constraints.
Ending Cache Timing Information Task | Checksum: 136ce6cf7

Time (s): cpu = 00:00:03 ; elapsed = 00:00:04 . Memory (MB): peak = 2713.590 ; gain = 495.859 ; free physical = 20718 ; free virtual = 60581

Starting Logic Optimization Task

Phase 1 Initialization

Phase 1.1 Core Generation And Design Setup
Phase 1.1 Core Generation And Design Setup | Checksum: 136ce6cf7

Time (s): cpu = 00:00:00 ; elapsed = 00:00:00 . Memory (MB): peak = 3065.340 ; gain = 0.000 ; free physical = 20372 ; free virtual = 60235

Phase 1.2 Setup Constraints And Sort Netlist
Phase 1.2 Setup Constraints And Sort Netlist | Checksum: 136ce6cf7

Time (s): cpu = 00:00:00 ; elapsed = 00:00:00 . Memory (MB): peak = 3065.340 ; gain = 0.000 ; free physical = 20372 ; free virtual = 60235
Phase 1 Initialization | Checksum: 136ce6cf7

Time (s): cpu = 00:00:00 ; elapsed = 00:00:00 . Memory (MB): peak = 3065.340 ; gain = 0.000 ; free physical = 20372 ; free virtual = 60235

Phase 2 Timer Update And Timing Data Collection

Phase 2.1 Timer Update
Phase 2.1 Timer Update | Checksum: 136ce6cf7

Time (s): cpu = 00:00:00 ; elapsed = 00:00:00 . Memory (MB): peak = 3065.340 ; gain = 0.000 ; free physical = 20375 ; free virtual = 60237

Phase 2.2 Timing Data Collection
Phase 2.2 Timing Data Collection | Checksum: 136ce6cf7

Time (s): cpu = 00:00:00 ; elapsed = 00:00:00.01 . Memory (MB): peak = 3065.340 ; gain = 0.000 ; free physical = 20375 ; free virtual = 60238
Phase 2 Timer Update And Timing Data Collection | Checksum: 136ce6cf7

Time (s): cpu = 00:00:00 ; elapsed = 00:00:00.01 . Memory (MB): peak = 3065.340 ; gain = 0.000 ; free physical = 20375 ; free virtual = 60238

Phase 3 Retarget
INFO: [Opt 31-1851] Number of loadless carry chains removed were: 0
INFO: [Opt 31-1834] Total Chains To Be Transformed Were: 0 AND Number of Transformed insts Created are: 0
INFO: [Opt 31-138] Pushed 0 inverter(s) to 0 load pin(s).
INFO: [Opt 31-49] Retargeted 0 cell(s).
Phase 3 Retarget | Checksum: 136ce6cf7

Time (s): cpu = 00:00:00.01 ; elapsed = 00:00:00.02 . Memory (MB): peak = 3065.340 ; gain = 0.000 ; free physical = 20375 ; free virtual = 60238
Retarget | Checksum: 136ce6cf7
INFO: [Opt 31-389] Phase Retarget created 0 cells and removed 0 cells

Phase 4 Constant propagation
INFO: [Opt 31-138] Pushed 0 inverter(s) to 0 load pin(s).
Phase 4 Constant propagation | Checksum: 136ce6cf7

Time (s): cpu = 00:00:00.01 ; elapsed = 00:00:00.02 . Memory (MB): peak = 3065.340 ; gain = 0.000 ; free physical = 20375 ; free virtual = 60238
Constant propagation | Checksum: 136ce6cf7
INFO: [Opt 31-389] Phase Constant propagation created 0 cells and removed 0 cells

Phase 5 Sweep
INFO: [Constraints 18-11670] Building netlist checker database with flags, 0x8
Done building netlist checker database: Time (s): cpu = 00:00:00 ; elapsed = 00:00:00 . Memory (MB): peak = 3065.340 ; gain = 0.000 ; free physical = 20375 ; free virtual = 60238
Phase 5 Sweep | Checksum: 136ce6cf7

Time (s): cpu = 00:00:00.01 ; elapsed = 00:00:00.02 . Memory (MB): peak = 3065.340 ; gain = 0.000 ; free physical = 20375 ; free virtual = 60238
Sweep | Checksum: 136ce6cf7
INFO: [Opt 31-389] Phase Sweep created 0 cells and removed 0 cells

Phase 6 BUFG optimization
Phase 6 BUFG optimization | Checksum: 136ce6cf7

Time (s): cpu = 00:00:00.02 ; elapsed = 00:00:00.03 . Memory (MB): peak = 3097.355 ; gain = 32.016 ; free physical = 20375 ; free virtual = 60238
BUFG optimization | Checksum: 136ce6cf7
INFO: [Opt 31-662] Phase BUFG optimization created 0 cells of which 0 are BUFGs and removed 0 cells.

Phase 7 Shift Register Optimization
INFO: [Opt 31-1064] SRL Remap converted 0 SRLs to 0 registers and converted 0 registers of register chains to 0 SRLs
Phase 7 Shift Register Optimization | Checksum: 136ce6cf7

Time (s): cpu = 00:00:00.02 ; elapsed = 00:00:00.03 . Memory (MB): peak = 3097.355 ; gain = 32.016 ; free physical = 20375 ; free virtual = 60238
Shift Register Optimization | Checksum: 136ce6cf7
INFO: [Opt 31-389] Phase Shift Register Optimization created 0 cells and removed 0 cells

Phase 8 Post Processing Netlist
Phase 8 Post Processing Netlist | Checksum: 136ce6cf7

Time (s): cpu = 00:00:00.02 ; elapsed = 00:00:00.03 . Memory (MB): peak = 3097.355 ; gain = 32.016 ; free physical = 20375 ; free virtual = 60238
Post Processing Netlist | Checksum: 136ce6cf7
INFO: [Opt 31-389] Phase Post Processing Netlist created 0 cells and removed 0 cells

Phase 9 Finalization

Phase 9.1 Finalizing Design Cores and Updating Shapes
Phase 9.1 Finalizing Design Cores and Updating Shapes | Checksum: 136ce6cf7

Time (s): cpu = 00:00:00.02 ; elapsed = 00:00:00.03 . Memory (MB): peak = 3097.355 ; gain = 32.016 ; free physical = 20375 ; free virtual = 60238

Phase 9.2 Verifying Netlist Connectivity

Starting Connectivity Check Task

Time (s): cpu = 00:00:00.01 ; elapsed = 00:00:00 . Memory (MB): peak = 3097.355 ; gain = 0.000 ; free physical = 20375 ; free virtual = 60238
Phase 9.2 Verifying Netlist Connectivity | Checksum: 136ce6cf7

Time (s): cpu = 00:00:00.03 ; elapsed = 00:00:00.03 . Memory (MB): peak = 3097.355 ; gain = 32.016 ; free physical = 20375 ; free virtual = 60238
Phase 9 Finalization | Checksum: 136ce6cf7

Time (s): cpu = 00:00:00.03 ; elapsed = 00:00:00.03 . Memory (MB): peak = 3097.355 ; gain = 32.016 ; free physical = 20375 ; free virtual = 60238
Opt_design Change Summary
=========================


-------------------------------------------------------------------------------------------------------------------------
|  Phase                        |  #Cells created  |  #Cells Removed  |  #Constrained objects preventing optimizations  |
-------------------------------------------------------------------------------------------------------------------------
|  Retarget                     |               0  |               0  |                                              0  |
|  Constant propagation         |               0  |               0  |                                              0  |
|  Sweep                        |               0  |               0  |                                              0  |
|  BUFG optimization            |               0  |               0  |                                              0  |
|  Shift Register Optimization  |               0  |               0  |                                              0  |
|  Post Processing Netlist      |               0  |               0  |                                              0  |
-------------------------------------------------------------------------------------------------------------------------


Ending Logic Optimization Task | Checksum: 136ce6cf7

Time (s): cpu = 00:00:00.03 ; elapsed = 00:00:00.03 . Memory (MB): peak = 3097.355 ; gain = 32.016 ; free physical = 20375 ; free virtual = 60238

Starting Power Optimization Task
INFO: [Pwropt 34-132] Skipping clock gating for clocks with a period < 2.00 ns.
Ending Power Optimization Task | Checksum: 136ce6cf7

Time (s): cpu = 00:00:00 ; elapsed = 00:00:00.01 . Memory (MB): peak = 3097.355 ; gain = 0.000 ; free physical = 20375 ; free virtual = 60238

Starting Final Cleanup Task
Ending Final Cleanup Task | Checksum: 136ce6cf7

Time (s): cpu = 00:00:00 ; elapsed = 00:00:00 . Memory (MB): peak = 3097.355 ; gain = 0.000 ; free physical = 20375 ; free virtual = 60238

Starting Netlist Obfuscation Task
Netlist sorting complete. Time (s): cpu = 00:00:00 ; elapsed = 00:00:00 . Memory (MB): peak = 3097.355 ; gain = 0.000 ; free physical = 20375 ; free virtual = 60238
Ending Netlist Obfuscation Task | Checksum: 136ce6cf7

Time (s): cpu = 00:00:00 ; elapsed = 00:00:00 . Memory (MB): peak = 3097.355 ; gain = 0.000 ; free physical = 20375 ; free virtual = 60238
INFO: [Common 17-83] Releasing license: Implementation
26 Infos, 0 Warnings, 0 Critical Warnings and 0 Errors encountered.
opt_design completed successfully
opt_design: Time (s): cpu = 00:00:05 ; elapsed = 00:00:05 . Memory (MB): peak = 3097.355 ; gain = 1069.125 ; free physical = 20375 ; free virtual = 60238
INFO: [Vivado 12-24828] Executing command : report_drc -file cache_drc_opted.rpt -pb cache_drc_opted.pb -rpx cache_drc_opted.rpx
Command: report_drc -file cache_drc_opted.rpt -pb cache_drc_opted.pb -rpx cache_drc_opted.rpx
INFO: [IP_Flow 19-234] Refreshing IP repositories
INFO: [IP_Flow 19-1704] No user IP repositories specified
INFO: [IP_Flow 19-2313] Loaded Vivado IP repository '/mnt/data/mnt_data/Vivado_2025_1/tools/Xilinx/2025.1/Vivado/data/ip'.
INFO: [DRC 23-27] Running DRC with 8 threads
INFO: [Vivado_Tcl 2-168] The results of DRC are in file /mnt/data/mnt_data/FPGA_Projects/Vivado/project_8_final/project_8_final.runs/impl_1/cache_drc_opted.rpt.
report_drc completed successfully
Write ShapeDB Complete: Time (s): cpu = 00:00:00.01 ; elapsed = 00:00:00 . Memory (MB): peak = 3133.012 ; gain = 0.000 ; free physical = 20307 ; free virtual = 60171
INFO: [Common 17-1381] The checkpoint '/mnt/data/mnt_data/FPGA_Projects/Vivado/project_8_final/project_8_final.runs/impl_1/cache_opt.dcp' has been generated.
Command: place_design
Attempting to get a license for feature 'Implementation' and/or device 'xc7vx485t'
INFO: [Common 17-349] Got license for feature 'Implementation' and/or device 'xc7vx485t'
INFO: [Common 17-83] Releasing license: Implementation
INFO: [DRC 23-27] Running DRC with 8 threads
INFO: [Vivado_Tcl 4-198] DRC finished with 0 Errors
INFO: [Vivado_Tcl 4-199] Please refer to the DRC report (report_drc) for more information.
Running DRC as a precondition to command place_design
INFO: [DRC 23-27] Running DRC with 8 threads
INFO: [Vivado_Tcl 4-198] DRC finished with 0 Errors
INFO: [Vivado_Tcl 4-199] Please refer to the DRC report (report_drc) for more information.
INFO: [Place 30-611] Multithreading enabled for place_design using a maximum of 8 CPUs

Starting Placer Task

Phase 1 Placer Initialization

Phase 1.1 Placer Initialization Netlist Sorting
Netlist sorting complete. Time (s): cpu = 00:00:00 ; elapsed = 00:00:00 . Memory (MB): peak = 3133.012 ; gain = 0.000 ; free physical = 20269 ; free virtual = 60137
Phase 1.1 Placer Initialization Netlist Sorting | Checksum: e6a00f2e

Time (s): cpu = 00:00:00 ; elapsed = 00:00:00.01 . Memory (MB): peak = 3133.012 ; gain = 0.000 ; free physical = 20269 ; free virtual = 60137
Netlist sorting complete. Time (s): cpu = 00:00:00 ; elapsed = 00:00:00 . Memory (MB): peak = 3133.012 ; gain = 0.000 ; free physical = 20269 ; free virtual = 60137

Phase 1.2 IO Placement/ Clock Placement/ Build Placer Device
INFO: [Timing 38-35] Done setting XDC timing constraints.
Phase 1.2 IO Placement/ Clock Placement/ Build Placer Device | Checksum: 1d6692e0b

Time (s): cpu = 00:00:00.72 ; elapsed = 00:00:00.38 . Memory (MB): peak = 3189.039 ; gain = 56.027 ; free physical = 20251 ; free virtual = 60120

Phase 1.3 Build Placer Netlist Model
Phase 1.3 Build Placer Netlist Model | Checksum: 2b69b291c

Time (s): cpu = 00:00:00.84 ; elapsed = 00:00:00.43 . Memory (MB): peak = 3189.039 ; gain = 56.027 ; free physical = 20251 ; free virtual = 60120

Phase 1.4 Constrain Clocks/Macros
Phase 1.4 Constrain Clocks/Macros | Checksum: 2b69b291c

Time (s): cpu = 00:00:00.85 ; elapsed = 00:00:00.44 . Memory (MB): peak = 3189.039 ; gain = 56.027 ; free physical = 20251 ; free virtual = 60120
Phase 1 Placer Initialization | Checksum: 2b69b291c

Time (s): cpu = 00:00:00.86 ; elapsed = 00:00:00.45 . Memory (MB): peak = 3189.039 ; gain = 56.027 ; free physical = 20251 ; free virtual = 60120

Phase 2 Global Placement

Phase 2.1 Floorplanning
Phase 2.1 Floorplanning | Checksum: 2b69b291c

Time (s): cpu = 00:00:00.86 ; elapsed = 00:00:00.45 . Memory (MB): peak = 3189.039 ; gain = 56.027 ; free physical = 20251 ; free virtual = 60120

Phase 2.2 Update Timing before SLR Path Opt
Phase 2.2 Update Timing before SLR Path Opt | Checksum: 2b69b291c

Time (s): cpu = 00:00:00.86 ; elapsed = 00:00:00.45 . Memory (MB): peak = 3189.039 ; gain = 56.027 ; free physical = 20251 ; free virtual = 60120

Phase 2.3 Post-Processing in Floorplanning
Phase 2.3 Post-Processing in Floorplanning | Checksum: 2b69b291c

Time (s): cpu = 00:00:00.86 ; elapsed = 00:00:00.45 . Memory (MB): peak = 3189.039 ; gain = 56.027 ; free physical = 20251 ; free virtual = 60120

Phase 2.4 Global Place Phase1
Phase 2.4 Global Place Phase1 | Checksum: 2977312c8

Time (s): cpu = 00:00:03 ; elapsed = 00:00:00.9 . Memory (MB): peak = 3339.078 ; gain = 206.066 ; free physical = 20133 ; free virtual = 60001

Phase 2.5 Global Place Phase2
WARNING: [Place 46-29] Timing had been disabled during Placer and, therefore, physical synthesis in Placer will be skipped.
Phase 2.5 Global Place Phase2 | Checksum: 1e179310f

Time (s): cpu = 00:00:03 ; elapsed = 00:00:01 . Memory (MB): peak = 3339.078 ; gain = 206.066 ; free physical = 20133 ; free virtual = 60002
Phase 2 Global Placement | Checksum: 1e179310f

Time (s): cpu = 00:00:03 ; elapsed = 00:00:01 . Memory (MB): peak = 3339.078 ; gain = 206.066 ; free physical = 20133 ; free virtual = 60002

Phase 3 Detail Placement

Phase 3.1 Commit Multi Column Macros
Phase 3.1 Commit Multi Column Macros | Checksum: 1e179310f

Time (s): cpu = 00:00:03 ; elapsed = 00:00:01 . Memory (MB): peak = 3339.078 ; gain = 206.066 ; free physical = 20133 ; free virtual = 60002

Phase 3.2 Commit Most Macros & LUTRAMs
Phase 3.2 Commit Most Macros & LUTRAMs | Checksum: 25ce616f2

Time (s): cpu = 00:00:03 ; elapsed = 00:00:01 . Memory (MB): peak = 3339.078 ; gain = 206.066 ; free physical = 20133 ; free virtual = 60002

Phase 3.3 Area Swap Optimization
Phase 3.3 Area Swap Optimization | Checksum: 2ab8e54aa

Time (s): cpu = 00:00:03 ; elapsed = 00:00:01 . Memory (MB): peak = 3339.078 ; gain = 206.066 ; free physical = 20133 ; free virtual = 60002

Phase 3.4 Pipeline Register Optimization
Phase 3.4 Pipeline Register Optimization | Checksum: 2ab8e54aa

Time (s): cpu = 00:00:03 ; elapsed = 00:00:01 . Memory (MB): peak = 3339.078 ; gain = 206.066 ; free physical = 20133 ; free virtual = 60002

Phase 3.5 Small Shape Detail Placement
Phase 3.5 Small Shape Detail Placement | Checksum: 28c44d5ae

Time (s): cpu = 00:00:04 ; elapsed = 00:00:01 . Memory (MB): peak = 3339.078 ; gain = 206.066 ; free physical = 20134 ; free virtual = 60003

Phase 3.6 Re-assign LUT pins
Phase 3.6 Re-assign LUT pins | Checksum: 28c44d5ae

Time (s): cpu = 00:00:04 ; elapsed = 00:00:01 . Memory (MB): peak = 3339.078 ; gain = 206.066 ; free physical = 20134 ; free virtual = 60003

Phase 3.7 Pipeline Register Optimization
Phase 3.7 Pipeline Register Optimization | Checksum: 28c44d5ae

Time (s): cpu = 00:00:04 ; elapsed = 00:00:01 . Memory (MB): peak = 3339.078 ; gain = 206.066 ; free physical = 20134 ; free virtual = 60003
Phase 3 Detail Placement | Checksum: 28c44d5ae

Time (s): cpu = 00:00:04 ; elapsed = 00:00:01 . Memory (MB): peak = 3339.078 ; gain = 206.066 ; free physical = 20134 ; free virtual = 60003

Phase 4 Post Placement Optimization and Clean-Up

Phase 4.1 Post Commit Optimization
Phase 4.1 Post Commit Optimization | Checksum: 28c44d5ae

Time (s): cpu = 00:00:04 ; elapsed = 00:00:01 . Memory (MB): peak = 3339.078 ; gain = 206.066 ; free physical = 20135 ; free virtual = 60003

Phase 4.2 Post Placement Cleanup
Phase 4.2 Post Placement Cleanup | Checksum: 28c44d5ae

Time (s): cpu = 00:00:04 ; elapsed = 00:00:01 . Memory (MB): peak = 3339.078 ; gain = 206.066 ; free physical = 20135 ; free virtual = 60003

Phase 4.3 Placer Reporting

Phase 4.3.1 Print Estimated Congestion
INFO: [Place 30-612] Post-Placement Estimated Congestion 
 ____________________________________________________
|           | Global Congestion | Short Congestion  |
| Direction | Region Size       | Region Size       |
|___________|___________________|___________________|
|      North|                1x1|                1x1|
|___________|___________________|___________________|
|      South|                1x1|                1x1|
|___________|___________________|___________________|
|       East|                1x1|                1x1|
|___________|___________________|___________________|
|       West|                1x1|                1x1|
|___________|___________________|___________________|

Phase 4.3.1 Print Estimated Congestion | Checksum: 28c44d5ae

Time (s): cpu = 00:00:04 ; elapsed = 00:00:01 . Memory (MB): peak = 3339.078 ; gain = 206.066 ; free physical = 20135 ; free virtual = 60003
Phase 4.3 Placer Reporting | Checksum: 28c44d5ae

Time (s): cpu = 00:00:04 ; elapsed = 00:00:01 . Memory (MB): peak = 3339.078 ; gain = 206.066 ; free physical = 20135 ; free virtual = 60003

Phase 4.4 Final Placement Cleanup
Netlist sorting complete. Time (s): cpu = 00:00:00 ; elapsed = 00:00:00 . Memory (MB): peak = 3339.078 ; gain = 0.000 ; free physical = 20135 ; free virtual = 60003

Time (s): cpu = 00:00:04 ; elapsed = 00:00:01 . Memory (MB): peak = 3339.078 ; gain = 206.066 ; free physical = 20135 ; free virtual = 60003
Phase 4 Post Placement Optimization and Clean-Up | Checksum: 23e74c41d

Time (s): cpu = 00:00:04 ; elapsed = 00:00:01 . Memory (MB): peak = 3339.078 ; gain = 206.066 ; free physical = 20135 ; free virtual = 60003
Ending Placer Task | Checksum: 1aa0e1494

Time (s): cpu = 00:00:04 ; elapsed = 00:00:01 . Memory (MB): peak = 3339.078 ; gain = 206.066 ; free physical = 20135 ; free virtual = 60003
44 Infos, 1 Warnings, 0 Critical Warnings and 0 Errors encountered.
place_design completed successfully
INFO: [Vivado 12-24838] Running report commands "report_control_sets, report_io, report_utilization" in parallel.
Running report generation with 3 threads.
INFO: [Vivado 12-24828] Executing command : report_control_sets -verbose -file cache_control_sets_placed.rpt
report_control_sets: Time (s): cpu = 00:00:00.01 ; elapsed = 00:00:00 . Memory (MB): peak = 3339.078 ; gain = 0.000 ; free physical = 20135 ; free virtual = 60003
INFO: [Vivado 12-24828] Executing command : report_utilization -file cache_utilization_placed.rpt -pb cache_utilization_placed.pb
INFO: [Vivado 12-24828] Executing command : report_io -file cache_io_placed.rpt
report_io: Time (s): cpu = 00:00:00.18 ; elapsed = 00:00:00.1 . Memory (MB): peak = 3339.078 ; gain = 0.000 ; free physical = 20139 ; free virtual = 60003
Write ShapeDB Complete: Time (s): cpu = 00:00:00 ; elapsed = 00:00:00 . Memory (MB): peak = 3339.078 ; gain = 0.000 ; free physical = 20139 ; free virtual = 60003
Wrote PlaceDB: Time (s): cpu = 00:00:00.03 ; elapsed = 00:00:00.02 . Memory (MB): peak = 3339.078 ; gain = 0.000 ; free physical = 20139 ; free virtual = 60004
Wrote PulsedLatchDB: Time (s): cpu = 00:00:00 ; elapsed = 00:00:00 . Memory (MB): peak = 3339.078 ; gain = 0.000 ; free physical = 20139 ; free virtual = 60004
Writing XDEF routing.
Writing XDEF routing logical nets.
Writing XDEF routing special nets.
Wrote RouteStorage: Time (s): cpu = 00:00:00.03 ; elapsed = 00:00:00.04 . Memory (MB): peak = 3339.078 ; gain = 0.000 ; free physical = 20139 ; free virtual = 60006
Wrote Netlist Cache: Time (s): cpu = 00:00:00 ; elapsed = 00:00:00 . Memory (MB): peak = 3339.078 ; gain = 0.000 ; free physical = 20139 ; free virtual = 60006
Wrote Device Cache: Time (s): cpu = 00:00:00 ; elapsed = 00:00:00 . Memory (MB): peak = 3339.078 ; gain = 0.000 ; free physical = 20139 ; free virtual = 60007
Write Physdb Complete: Time (s): cpu = 00:00:00.07 ; elapsed = 00:00:00.06 . Memory (MB): peak = 3339.078 ; gain = 0.000 ; free physical = 20139 ; free virtual = 60007
INFO: [Common 17-1381] The checkpoint '/mnt/data/mnt_data/FPGA_Projects/Vivado/project_8_final/project_8_final.runs/impl_1/cache_placed.dcp' has been generated.
Command: phys_opt_design
Attempting to get a license for feature 'Implementation' and/or device 'xc7vx485t'
INFO: [Common 17-349] Got license for feature 'Implementation' and/or device 'xc7vx485t'

Starting Initial Update Timing Task

Time (s): cpu = 00:00:00.01 ; elapsed = 00:00:00.01 . Memory (MB): peak = 3339.078 ; gain = 0.000 ; free physical = 20139 ; free virtual = 60006
INFO: [Vivado_Tcl 4-235] No timing constraint found. The netlist was not modified.
INFO: [Common 17-83] Releasing license: Implementation
52 Infos, 1 Warnings, 0 Critical Warnings and 0 Errors encountered.
phys_opt_design completed successfully
Write ShapeDB Complete: Time (s): cpu = 00:00:00 ; elapsed = 00:00:00 . Memory (MB): peak = 3339.078 ; gain = 0.000 ; free physical = 20139 ; free virtual = 60006
Wrote PlaceDB: Time (s): cpu = 00:00:00.03 ; elapsed = 00:00:00.02 . Memory (MB): peak = 3339.078 ; gain = 0.000 ; free physical = 20139 ; free virtual = 60006
Wrote PulsedLatchDB: Time (s): cpu = 00:00:00 ; elapsed = 00:00:00 . Memory (MB): peak = 3339.078 ; gain = 0.000 ; free physical = 20139 ; free virtual = 60006
Writing XDEF routing.
Writing XDEF routing logical nets.
Writing XDEF routing special nets.
Wrote RouteStorage: Time (s): cpu = 00:00:00.01 ; elapsed = 00:00:00.02 . Memory (MB): peak = 3339.078 ; gain = 0.000 ; free physical = 20139 ; free virtual = 60006
Wrote Netlist Cache: Time (s): cpu = 00:00:00 ; elapsed = 00:00:00 . Memory (MB): peak = 3339.078 ; gain = 0.000 ; free physical = 20139 ; free virtual = 60006
Wrote Device Cache: Time (s): cpu = 00:00:00.01 ; elapsed = 00:00:00 . Memory (MB): peak = 3339.078 ; gain = 0.000 ; free physical = 20139 ; free virtual = 60008
Write Physdb Complete: Time (s): cpu = 00:00:00.05 ; elapsed = 00:00:00.04 . Memory (MB): peak = 3339.078 ; gain = 0.000 ; free physical = 20139 ; free virtual = 60008
INFO: [Common 17-1381] The checkpoint '/mnt/data/mnt_data/FPGA_Projects/Vivado/project_8_final/project_8_final.runs/impl_1/cache_physopt.dcp' has been generated.
Command: route_design
Attempting to get a license for feature 'Implementation' and/or device 'xc7vx485t'
INFO: [Common 17-349] Got license for feature 'Implementation' and/or device 'xc7vx485t'


Starting Routing Task
INFO: [Route 35-254] Multithreading enabled for route_design using a maximum of 8 CPUs

Phase 1 Build RT Design
Checksum: PlaceDB: c36e0566 ConstDB: 0 ShapeSum: 60bed2cb RouteDB: 85e13c63
Post Restoration Checksum: NetGraph: 354b56bc | NumContArr: af5e4875 | Constraints: c2a8fa9d | Timing: c2a8fa9d
Phase 1 Build RT Design | Checksum: 269fb946b

Time (s): cpu = 00:00:26 ; elapsed = 00:00:18 . Memory (MB): peak = 3566.941 ; gain = 227.863 ; free physical = 19880 ; free virtual = 59752

Phase 2 Router Initialization
INFO: [Route 35-64] No timing constraints were detected. The router will operate in resource-optimization mode.

Phase 2.1 Fix Topology Constraints
Phase 2.1 Fix Topology Constraints | Checksum: 269fb946b

Time (s): cpu = 00:00:26 ; elapsed = 00:00:18 . Memory (MB): peak = 3613.020 ; gain = 273.941 ; free physical = 19829 ; free virtual = 59701

Phase 2.2 Pre Route Cleanup
Phase 2.2 Pre Route Cleanup | Checksum: 269fb946b

Time (s): cpu = 00:00:26 ; elapsed = 00:00:18 . Memory (MB): peak = 3613.020 ; gain = 273.941 ; free physical = 19829 ; free virtual = 59700
 Number of Nodes with overlaps = 0

Router Utilization Summary
  Global Vertical Routing Utilization    = 0 %
  Global Horizontal Routing Utilization  = 0 %
  Routable Net Status*
  *Does not include unroutable nets such as driverless and loadless.
  Run report_route_status for detailed report.
  Number of Failed Nets               = 469
    (Failed Nets is the sum of unrouted and partially routed nets)
  Number of Unrouted Nets             = 469
  Number of Partially Routed Nets     = 0
  Number of Node Overlaps             = 0

Phase 2 Router Initialization | Checksum: 28441534e

Time (s): cpu = 00:00:29 ; elapsed = 00:00:19 . Memory (MB): peak = 3777.270 ; gain = 438.191 ; free physical = 19666 ; free virtual = 59537

Phase 3 Global Routing
Phase 3 Global Routing | Checksum: 28441534e

Time (s): cpu = 00:00:29 ; elapsed = 00:00:19 . Memory (MB): peak = 3777.270 ; gain = 438.191 ; free physical = 19666 ; free virtual = 59537

Phase 4 Initial Routing

Phase 4.1 Initial Net Routing Pass
Phase 4.1 Initial Net Routing Pass | Checksum: 2f5f4fc3a

Time (s): cpu = 00:00:30 ; elapsed = 00:00:19 . Memory (MB): peak = 3777.270 ; gain = 438.191 ; free physical = 19675 ; free virtual = 59546
Phase 4 Initial Routing | Checksum: 2f5f4fc3a

Time (s): cpu = 00:00:30 ; elapsed = 00:00:19 . Memory (MB): peak = 3777.270 ; gain = 438.191 ; free physical = 19675 ; free virtual = 59546

Phase 5 Rip-up And Reroute

Phase 5.1 Global Iteration 0
 Number of Nodes with overlaps = 35
 Number of Nodes with overlaps = 0
Phase 5.1 Global Iteration 0 | Checksum: 2d1a1aa48

Time (s): cpu = 00:00:30 ; elapsed = 00:00:19 . Memory (MB): peak = 3777.270 ; gain = 438.191 ; free physical = 19675 ; free virtual = 59546
Phase 5 Rip-up And Reroute | Checksum: 2d1a1aa48

Time (s): cpu = 00:00:30 ; elapsed = 00:00:19 . Memory (MB): peak = 3777.270 ; gain = 438.191 ; free physical = 19675 ; free virtual = 59546

Phase 6 Delay and Skew Optimization
Phase 6 Delay and Skew Optimization | Checksum: 2d1a1aa48

Time (s): cpu = 00:00:30 ; elapsed = 00:00:19 . Memory (MB): peak = 3777.270 ; gain = 438.191 ; free physical = 19675 ; free virtual = 59546

Phase 7 Post Hold Fix

Phase 7.1 Hold Fix Iter
Phase 7.1 Hold Fix Iter | Checksum: 2d1a1aa48

Time (s): cpu = 00:00:30 ; elapsed = 00:00:19 . Memory (MB): peak = 3777.270 ; gain = 438.191 ; free physical = 19675 ; free virtual = 59546
Phase 7 Post Hold Fix | Checksum: 2d1a1aa48

Time (s): cpu = 00:00:30 ; elapsed = 00:00:19 . Memory (MB): peak = 3777.270 ; gain = 438.191 ; free physical = 19675 ; free virtual = 59546

Phase 8 Route finalize

Router Utilization Summary
  Global Vertical Routing Utilization    = 0.0131572 %
  Global Horizontal Routing Utilization  = 0.0141935 %
  Routable Net Status*
  *Does not include unroutable nets such as driverless and loadless.
  Run report_route_status for detailed report.
  Number of Failed Nets               = 0
    (Failed Nets is the sum of unrouted and partially routed nets)
  Number of Unrouted Nets             = 0
  Number of Partially Routed Nets     = 0
  Number of Node Overlaps             = 0


--GLOBAL Congestion:
Utilization threshold used for congestion level computation: 0.85
Congestion Report
North Dir 1x1 Area, Max Cong = 19.8198%, No Congested Regions.
South Dir 1x1 Area, Max Cong = 26.1261%, No Congested Regions.
East Dir 1x1 Area, Max Cong = 22.0588%, No Congested Regions.
West Dir 1x1 Area, Max Cong = 27.9412%, No Congested Regions.

------------------------------
Reporting congestion hotspots
------------------------------
Direction: North
----------------
Congested clusters found at Level 0
Effective congestion level: 0 Aspect Ratio: 1 Sparse Ratio: 0
Direction: South
----------------
Congested clusters found at Level 0
Effective congestion level: 0 Aspect Ratio: 1 Sparse Ratio: 0
Direction: East
----------------
Congested clusters found at Level 0
Effective congestion level: 0 Aspect Ratio: 1 Sparse Ratio: 0
Direction: West
----------------
Congested clusters found at Level 0
Effective congestion level: 0 Aspect Ratio: 1 Sparse Ratio: 0

Phase 8 Route finalize | Checksum: 2d1a1aa48

Time (s): cpu = 00:00:30 ; elapsed = 00:00:19 . Memory (MB): peak = 3777.270 ; gain = 438.191 ; free physical = 19675 ; free virtual = 59546

Phase 9 Verifying routed nets

 Verification completed successfully
Phase 9 Verifying routed nets | Checksum: 2d1a1aa48

Time (s): cpu = 00:00:30 ; elapsed = 00:00:19 . Memory (MB): peak = 3777.270 ; gain = 438.191 ; free physical = 19675 ; free virtual = 59546

Phase 10 Depositing Routes
Phase 10 Depositing Routes | Checksum: 277a683ee

Time (s): cpu = 00:00:30 ; elapsed = 00:00:19 . Memory (MB): peak = 3777.270 ; gain = 438.191 ; free physical = 19675 ; free virtual = 59546

Phase 11 Post Process Routing
Phase 11 Post Process Routing | Checksum: 277a683ee

Time (s): cpu = 00:00:30 ; elapsed = 00:00:19 . Memory (MB): peak = 3777.270 ; gain = 438.191 ; free physical = 19675 ; free virtual = 59546
Total Elapsed time in route_design: 18.78 secs

Phase 12 Post-Route Event Processing
Phase 12 Post-Route Event Processing | Checksum: 175148855

Time (s): cpu = 00:00:30 ; elapsed = 00:00:19 . Memory (MB): peak = 3777.270 ; gain = 438.191 ; free physical = 19675 ; free virtual = 59546
INFO: [Route 35-16] Router Completed Successfully
Ending Routing Task | Checksum: 175148855

Time (s): cpu = 00:00:30 ; elapsed = 00:00:19 . Memory (MB): peak = 3777.270 ; gain = 438.191 ; free physical = 19675 ; free virtual = 59546

Routing Is Done.
INFO: [Common 17-83] Releasing license: Implementation
58 Infos, 1 Warnings, 0 Critical Warnings and 0 Errors encountered.
route_design completed successfully
route_design: Time (s): cpu = 00:00:30 ; elapsed = 00:00:19 . Memory (MB): peak = 3778.305 ; gain = 439.227 ; free physical = 19679 ; free virtual = 59548
INFO: [Vivado 12-24828] Executing command : report_drc -file cache_drc_routed.rpt -pb cache_drc_routed.pb -rpx cache_drc_routed.rpx
Command: report_drc -file cache_drc_routed.rpt -pb cache_drc_routed.pb -rpx cache_drc_routed.rpx
INFO: [IP_Flow 19-1839] IP Catalog is up to date.
INFO: [DRC 23-27] Running DRC with 8 threads
INFO: [Vivado_Tcl 2-168] The results of DRC are in file /mnt/data/mnt_data/FPGA_Projects/Vivado/project_8_final/project_8_final.runs/impl_1/cache_drc_routed.rpt.
report_drc completed successfully
INFO: [Vivado 12-24828] Executing command : report_methodology -file cache_methodology_drc_routed.rpt -pb cache_methodology_drc_routed.pb -rpx cache_methodology_drc_routed.rpx
Command: report_methodology -file cache_methodology_drc_routed.rpt -pb cache_methodology_drc_routed.pb -rpx cache_methodology_drc_routed.rpx
INFO: [Timing 38-35] Done setting XDC timing constraints.
INFO: [DRC 23-133] Running Methodology with 8 threads
INFO: [Vivado_Tcl 2-1520] The results of Report Methodology are in file /mnt/data/mnt_data/FPGA_Projects/Vivado/project_8_final/project_8_final.runs/impl_1/cache_methodology_drc_routed.rpt.
report_methodology completed successfully
INFO: [Vivado 12-24828] Executing command : report_timing_summary -max_paths 10 -routable_nets -report_unconstrained -file cache_timing_summary_routed.rpt -pb cache_timing_summary_routed.pb -rpx cache_timing_summary_routed.rpx -warn_on_violation 
INFO: [Timing 38-35] Done setting XDC timing constraints.
INFO: [Timing 38-91] UpdateTimingParams: Speed grade: -1, Delay Type: min_max.
INFO: [Timing 38-191] Multithreading enabled for timing update using a maximum of 8 CPUs
WARNING: [Timing 38-313] There are no user specified timing constraints. Timing constraints are needed for proper timing analysis.
INFO: [Vivado 12-24838] Running report commands "report_bus_skew, report_incremental_reuse, report_route_status" in parallel.
Running report generation with 3 threads.
INFO: [Vivado 12-24828] Executing command : report_incremental_reuse -file cache_incremental_reuse_routed.rpt
INFO: [Vivado_Tcl 4-1062] Incremental flow is disabled. No incremental reuse Info to report.
INFO: [Vivado 12-24828] Executing command : report_route_status -file cache_route_status.rpt -pb cache_route_status.pb
INFO: [Vivado 12-24828] Executing command : report_bus_skew -warn_on_violation -file cache_bus_skew_routed.rpt -pb cache_bus_skew_routed.pb -rpx cache_bus_skew_routed.rpx
INFO: [Timing 38-91] UpdateTimingParams: Speed grade: -1, Delay Type: min_max.
INFO: [Timing 38-191] Multithreading enabled for timing update using a maximum of 8 CPUs
INFO: [Vivado 12-24828] Executing command : report_power -file cache_power_routed.rpt -pb cache_power_summary_routed.pb -rpx cache_power_routed.rpx
Command: report_power -file cache_power_routed.rpt -pb cache_power_summary_routed.pb -rpx cache_power_routed.rpx
WARNING: [Power 33-232] No user defined clocks were found in the design! Power estimation will be inaccurate until this is corrected.
Resolution: Please specify clocks using create_clock/create_generated_clock for sequential elements. For pure combinatorial circuits, please specify a virtual clock, otherwise the vectorless estimation might be inaccurate
Running Vector-less Activity Propagation...

Finished Running Vector-less Activity Propagation
78 Infos, 3 Warnings, 0 Critical Warnings and 0 Errors encountered.
report_power completed successfully
INFO: [Vivado 12-24828] Executing command : report_clock_utilization -file cache_clock_utilization_routed.rpt
Write ShapeDB Complete: Time (s): cpu = 00:00:00.01 ; elapsed = 00:00:00 . Memory (MB): peak = 3840.215 ; gain = 0.000 ; free physical = 19676 ; free virtual = 59546
Wrote PlaceDB: Time (s): cpu = 00:00:00.03 ; elapsed = 00:00:00.02 . Memory (MB): peak = 3840.215 ; gain = 0.000 ; free physical = 19676 ; free virtual = 59546
Wrote PulsedLatchDB: Time (s): cpu = 00:00:00 ; elapsed = 00:00:00 . Memory (MB): peak = 3840.215 ; gain = 0.000 ; free physical = 19676 ; free virtual = 59546
Writing XDEF routing.
Writing XDEF routing logical nets.
Writing XDEF routing special nets.
Wrote RouteStorage: Time (s): cpu = 00:00:00.03 ; elapsed = 00:00:00.02 . Memory (MB): peak = 3840.215 ; gain = 0.000 ; free physical = 19675 ; free virtual = 59546
Wrote Netlist Cache: Time (s): cpu = 00:00:00 ; elapsed = 00:00:00 . Memory (MB): peak = 3840.215 ; gain = 0.000 ; free physical = 19675 ; free virtual = 59546
Wrote Device Cache: Time (s): cpu = 00:00:00 ; elapsed = 00:00:00 . Memory (MB): peak = 3840.215 ; gain = 0.000 ; free physical = 19675 ; free virtual = 59547
Write Physdb Complete: Time (s): cpu = 00:00:00.07 ; elapsed = 00:00:00.05 . Memory (MB): peak = 3840.215 ; gain = 0.000 ; free physical = 19675 ; free virtual = 59547
INFO: [Common 17-1381] The checkpoint '/mnt/data/mnt_data/FPGA_Projects/Vivado/project_8_final/project_8_final.runs/impl_1/cache_routed.dcp' has been generated.
INFO: [Common 17-206] Exiting Vivado at Wed Dec 24 02:42:58 2025...
